{"C:\\other\\my_java\\WebStudy\\web-study\\src\\kvuex.js": {"path":"C:\\other\\my_java\\WebStudy\\web-study\\src\\kvuex.js","statementMap":{"0":{"start":{"line":14,"column":2},"end":{"line":14,"column":12}},"1":{"start":{"line":16,"column":2},"end":{"line":22,"column":4}},"2":{"start":{"line":18,"column":6},"end":{"line":20,"column":7}},"3":{"start":{"line":19,"column":8},"end":{"line":19,"column":54}},"4":{"start":{"line":29,"column":4},"end":{"line":31,"column":6}},"5":{"start":{"line":34,"column":4},"end":{"line":34,"column":44}},"6":{"start":{"line":36,"column":4},"end":{"line":36,"column":40}},"7":{"start":{"line":38,"column":4},"end":{"line":38,"column":58}},"8":{"start":{"line":42,"column":11},"end":{"line":45,"column":3}},"9":{"start":{"line":43,"column":15},"end":{"line":43,"column":35}},"10":{"start":{"line":44,"column":4},"end":{"line":44,"column":26}},"11":{"start":{"line":48,"column":13},"end":{"line":51,"column":3}},"12":{"start":{"line":49,"column":15},"end":{"line":49,"column":33}},"13":{"start":{"line":50,"column":4},"end":{"line":50,"column":65}},"14":{"start":{"line":54,"column":4},"end":{"line":54,"column":21}},"15":{"start":{"line":55,"column":4},"end":{"line":62,"column":6}},"16":{"start":{"line":57,"column":6},"end":{"line":61,"column":8}},"17":{"start":{"line":59,"column":10},"end":{"line":59,"column":41}}},"fnMap":{"0":{"name":"install","decl":{"start":{"line":13,"column":9},"end":{"line":13,"column":16}},"loc":{"start":{"line":13,"column":46},"end":{"line":23,"column":1}},"line":13},"1":{"name":"(anonymous_1)","decl":{"start":{"line":17,"column":4},"end":{"line":17,"column":5}},"loc":{"start":{"line":17,"column":20},"end":{"line":21,"column":5}},"line":17},"2":{"name":"(anonymous_2)","decl":{"start":{"line":27,"column":2},"end":{"line":27,"column":3}},"loc":{"start":{"line":27,"column":29},"end":{"line":39,"column":3}},"line":27},"3":{"name":"(anonymous_3)","decl":{"start":{"line":42,"column":11},"end":{"line":42,"column":12}},"loc":{"start":{"line":42,"column":29},"end":{"line":45,"column":3}},"line":42},"4":{"name":"(anonymous_4)","decl":{"start":{"line":48,"column":13},"end":{"line":48,"column":14}},"loc":{"start":{"line":48,"column":31},"end":{"line":51,"column":3}},"line":48},"5":{"name":"(anonymous_5)","decl":{"start":{"line":53,"column":2},"end":{"line":53,"column":3}},"loc":{"start":{"line":53,"column":26},"end":{"line":63,"column":3}},"line":53},"6":{"name":"(anonymous_6)","decl":{"start":{"line":55,"column":33},"end":{"line":55,"column":34}},"loc":{"start":{"line":55,"column":40},"end":{"line":62,"column":5}},"line":55},"7":{"name":"(anonymous_7)","decl":{"start":{"line":58,"column":13},"end":{"line":58,"column":14}},"loc":{"start":{"line":58,"column":19},"end":{"line":60,"column":9}},"line":58}},"branchMap":{"0":{"loc":{"start":{"line":13,"column":24},"end":{"line":13,"column":44}},"type":"default-arg","locations":[{"start":{"line":13,"column":36},"end":{"line":13,"column":44}}],"line":13},"1":{"loc":{"start":{"line":18,"column":6},"end":{"line":20,"column":7}},"type":"if","locations":[{"start":{"line":18,"column":6},"end":{"line":20,"column":7}},{"start":{"line":18,"column":6},"end":{"line":20,"column":7}}],"line":18},"2":{"loc":{"start":{"line":27,"column":15},"end":{"line":27,"column":27}},"type":"default-arg","locations":[{"start":{"line":27,"column":25},"end":{"line":27,"column":27}}],"line":27},"3":{"loc":{"start":{"line":34,"column":21},"end":{"line":34,"column":44}},"type":"binary-expr","locations":[{"start":{"line":34,"column":21},"end":{"line":34,"column":38}},{"start":{"line":34,"column":42},"end":{"line":34,"column":44}}],"line":34},"4":{"loc":{"start":{"line":36,"column":19},"end":{"line":36,"column":40}},"type":"binary-expr","locations":[{"start":{"line":36,"column":19},"end":{"line":36,"column":34}},{"start":{"line":36,"column":38},"end":{"line":36,"column":40}}],"line":36},"5":{"loc":{"start":{"line":38,"column":4},"end":{"line":38,"column":58}},"type":"binary-expr","locations":[{"start":{"line":38,"column":4},"end":{"line":38,"column":19}},{"start":{"line":38,"column":23},"end":{"line":38,"column":58}}],"line":38}},"s":{"0":0,"1":0,"2":0,"3":0,"4":0,"5":0,"6":0,"7":0,"8":0,"9":0,"10":0,"11":0,"12":0,"13":0,"14":0,"15":0,"16":0,"17":0},"f":{"0":0,"1":0,"2":0,"3":0,"4":0,"5":0,"6":0,"7":0},"b":{"0":[0],"1":[0,0],"2":[0],"3":[0,0],"4":[0,0],"5":[0,0]},"hash":"32a693d9d2f0bfe41f75f51fcc8af84ec428fcff"}
,"C:\\other\\my_java\\WebStudy\\web-study\\src\\main.js": {"path":"C:\\other\\my_java\\WebStudy\\web-study\\src\\main.js","statementMap":{"0":{"start":{"line":12,"column":0},"end":{"line":12,"column":39}},"1":{"start":{"line":13,"column":0},"end":{"line":13,"column":30}},"2":{"start":{"line":14,"column":0},"end":{"line":14,"column":32}},"3":{"start":{"line":17,"column":0},"end":{"line":30,"column":2}},"4":{"start":{"line":19,"column":4},"end":{"line":28,"column":26}},"5":{"start":{"line":32,"column":0},"end":{"line":36,"column":17}},"6":{"start":{"line":35,"column":15},"end":{"line":35,"column":21}}},"fnMap":{"0":{"name":"(anonymous_0)","decl":{"start":{"line":18,"column":2},"end":{"line":18,"column":3}},"loc":{"start":{"line":18,"column":13},"end":{"line":29,"column":3}},"line":18},"1":{"name":"(anonymous_1)","decl":{"start":{"line":35,"column":10},"end":{"line":35,"column":11}},"loc":{"start":{"line":35,"column":15},"end":{"line":35,"column":21}},"line":35}},"branchMap":{},"s":{"0":0,"1":0,"2":0,"3":0,"4":0,"5":0,"6":0},"f":{"0":0,"1":0},"b":{},"hash":"8726da33583a3a4e5ce6ca600ee602859e833572"}
,"C:\\other\\my_java\\WebStudy\\web-study\\src\\permission.js": {"path":"C:\\other\\my_java\\WebStudy\\web-study\\src\\permission.js","statementMap":{"0":{"start":{"line":6,"column":18},"end":{"line":6,"column":28}},"1":{"start":{"line":8,"column":0},"end":{"line":37,"column":2}},"2":{"start":{"line":9,"column":19},"end":{"line":9,"column":29}},"3":{"start":{"line":10,"column":2},"end":{"line":36,"column":3}},"4":{"start":{"line":11,"column":4},"end":{"line":29,"column":5}},"5":{"start":{"line":12,"column":6},"end":{"line":12,"column":25}},"6":{"start":{"line":16,"column":24},"end":{"line":16,"column":77}},"7":{"start":{"line":17,"column":6},"end":{"line":28,"column":7}},"8":{"start":{"line":18,"column":8},"end":{"line":18,"column":14}},"9":{"start":{"line":21,"column":26},"end":{"line":21,"column":62}},"10":{"start":{"line":23,"column":29},"end":{"line":23,"column":85}},"11":{"start":{"line":25,"column":8},"end":{"line":25,"column":38}},"12":{"start":{"line":27,"column":8},"end":{"line":27,"column":38}},"13":{"start":{"line":31,"column":4},"end":{"line":35,"column":5}},"14":{"start":{"line":32,"column":6},"end":{"line":32,"column":12}},"15":{"start":{"line":34,"column":6},"end":{"line":34,"column":40}}},"fnMap":{"0":{"name":"(anonymous_0)","decl":{"start":{"line":8,"column":18},"end":{"line":8,"column":19}},"loc":{"start":{"line":8,"column":44},"end":{"line":37,"column":1}},"line":8}},"branchMap":{"0":{"loc":{"start":{"line":10,"column":2},"end":{"line":36,"column":3}},"type":"if","locations":[{"start":{"line":10,"column":2},"end":{"line":36,"column":3}},{"start":{"line":10,"column":2},"end":{"line":36,"column":3}}],"line":10},"1":{"loc":{"start":{"line":11,"column":4},"end":{"line":29,"column":5}},"type":"if","locations":[{"start":{"line":11,"column":4},"end":{"line":29,"column":5}},{"start":{"line":11,"column":4},"end":{"line":29,"column":5}}],"line":11},"2":{"loc":{"start":{"line":16,"column":24},"end":{"line":16,"column":77}},"type":"binary-expr","locations":[{"start":{"line":16,"column":24},"end":{"line":16,"column":43}},{"start":{"line":16,"column":47},"end":{"line":16,"column":77}}],"line":16},"3":{"loc":{"start":{"line":17,"column":6},"end":{"line":28,"column":7}},"type":"if","locations":[{"start":{"line":17,"column":6},"end":{"line":28,"column":7}},{"start":{"line":17,"column":6},"end":{"line":28,"column":7}}],"line":17},"4":{"loc":{"start":{"line":31,"column":4},"end":{"line":35,"column":5}},"type":"if","locations":[{"start":{"line":31,"column":4},"end":{"line":35,"column":5}},{"start":{"line":31,"column":4},"end":{"line":35,"column":5}}],"line":31}},"s":{"0":0,"1":0,"2":0,"3":0,"4":0,"5":0,"6":0,"7":0,"8":0,"9":0,"10":0,"11":0,"12":0,"13":0,"14":0,"15":0},"f":{"0":0},"b":{"0":[0,0],"1":[0,0],"2":[0,0],"3":[0,0],"4":[0,0]},"hash":"d3a020553a78e8bbef83546e5c7720452aca87ad"}
,"C:\\other\\my_java\\WebStudy\\web-study\\src\\api\\user.js": {"path":"C:\\other\\my_java\\WebStudy\\web-study\\src\\api\\user.js","statementMap":{"0":{"start":{"line":4,"column":2},"end":{"line":4,"column":22}},"1":{"start":{"line":5,"column":2},"end":{"line":9,"column":4}},"2":{"start":{"line":13,"column":2},"end":{"line":16,"column":4}}},"fnMap":{"0":{"name":"login","decl":{"start":{"line":3,"column":16},"end":{"line":3,"column":21}},"loc":{"start":{"line":3,"column":29},"end":{"line":10,"column":1}},"line":3},"1":{"name":"getInfo","decl":{"start":{"line":12,"column":16},"end":{"line":12,"column":23}},"loc":{"start":{"line":12,"column":27},"end":{"line":17,"column":1}},"line":12}},"branchMap":{},"s":{"0":0,"1":0,"2":0},"f":{"0":0,"1":0},"b":{},"hash":"80d66d1d04400bb81d9315c5c76917c18778fb89"}
,"C:\\other\\my_java\\WebStudy\\web-study\\src\\directive\\permission.js": {"path":"C:\\other\\my_java\\WebStudy\\web-study\\src\\directive\\permission.js","statementMap":{"0":{"start":{"line":6,"column":39},"end":{"line":6,"column":46}},"1":{"start":{"line":7,"column":18},"end":{"line":7,"column":37}},"2":{"start":{"line":8,"column":4},"end":{"line":8,"column":33}},"3":{"start":{"line":9,"column":4},"end":{"line":18,"column":5}},"4":{"start":{"line":10,"column":28},"end":{"line":12,"column":8}},"5":{"start":{"line":11,"column":8},"end":{"line":11,"column":45}},"6":{"start":{"line":13,"column":6},"end":{"line":15,"column":7}},"7":{"start":{"line":14,"column":8},"end":{"line":14,"column":54}},"8":{"start":{"line":17,"column":6},"end":{"line":17,"column":55}}},"fnMap":{"0":{"name":"(anonymous_0)","decl":{"start":{"line":5,"column":2},"end":{"line":5,"column":3}},"loc":{"start":{"line":5,"column":25},"end":{"line":19,"column":3}},"line":5},"1":{"name":"(anonymous_1)","decl":{"start":{"line":10,"column":39},"end":{"line":10,"column":40}},"loc":{"start":{"line":10,"column":47},"end":{"line":12,"column":7}},"line":10}},"branchMap":{"0":{"loc":{"start":{"line":9,"column":4},"end":{"line":18,"column":5}},"type":"if","locations":[{"start":{"line":9,"column":4},"end":{"line":18,"column":5}},{"start":{"line":9,"column":4},"end":{"line":18,"column":5}}],"line":9},"1":{"loc":{"start":{"line":9,"column":8},"end":{"line":9,"column":89}},"type":"binary-expr","locations":[{"start":{"line":9,"column":8},"end":{"line":9,"column":23}},{"start":{"line":9,"column":27},"end":{"line":9,"column":59}},{"start":{"line":9,"column":63},"end":{"line":9,"column":89}}],"line":9},"2":{"loc":{"start":{"line":13,"column":6},"end":{"line":15,"column":7}},"type":"if","locations":[{"start":{"line":13,"column":6},"end":{"line":15,"column":7}},{"start":{"line":13,"column":6},"end":{"line":15,"column":7}}],"line":13},"3":{"loc":{"start":{"line":14,"column":8},"end":{"line":14,"column":54}},"type":"binary-expr","locations":[{"start":{"line":14,"column":8},"end":{"line":14,"column":21}},{"start":{"line":14,"column":25},"end":{"line":14,"column":54}}],"line":14}},"s":{"0":0,"1":0,"2":0,"3":0,"4":0,"5":0,"6":0,"7":0,"8":0},"f":{"0":0,"1":0},"b":{"0":[0,0],"1":[0,0,0],"2":[0,0],"3":[0,0]},"hash":"292359d86231ea15e9c937392acc7366228577e4"}
,"C:\\other\\my_java\\WebStudy\\web-study\\src\\icons\\index.js": {"path":"C:\\other\\my_java\\WebStudy\\web-study\\src\\icons\\index.js","statementMap":{"0":{"start":{"line":6,"column":12},"end":{"line":6,"column":53}},"1":{"start":{"line":7,"column":0},"end":{"line":7,"column":23}},"2":{"start":{"line":8,"column":0},"end":{"line":8,"column":19}},"3":{"start":{"line":10,"column":0},"end":{"line":10,"column":27}}},"fnMap":{},"branchMap":{},"s":{"0":0,"1":0,"2":0,"3":0},"f":{},"b":{},"hash":"00b4c3d1ed046387f0dd221e1ea94050bb2650cb"}
,"C:\\other\\my_java\\WebStudy\\web-study\\src\\router\\index.js": {"path":"C:\\other\\my_java\\WebStudy\\web-study\\src\\router\\index.js","statementMap":{"0":{"start":{"line":8,"column":0},"end":{"line":8,"column":18}},"1":{"start":{"line":11,"column":27},"end":{"line":33,"column":1}},"2":{"start":{"line":14,"column":21},"end":{"line":14,"column":44}},"3":{"start":{"line":24,"column":25},"end":{"line":24,"column":47}},"4":{"start":{"line":36,"column":27},"end":{"line":63,"column":1}},"5":{"start":{"line":44,"column":25},"end":{"line":44,"column":48}}},"fnMap":{"0":{"name":"(anonymous_0)","decl":{"start":{"line":14,"column":15},"end":{"line":14,"column":16}},"loc":{"start":{"line":14,"column":21},"end":{"line":14,"column":44}},"line":14},"1":{"name":"(anonymous_1)","decl":{"start":{"line":24,"column":19},"end":{"line":24,"column":20}},"loc":{"start":{"line":24,"column":25},"end":{"line":24,"column":47}},"line":24},"2":{"name":"(anonymous_2)","decl":{"start":{"line":44,"column":19},"end":{"line":44,"column":20}},"loc":{"start":{"line":44,"column":25},"end":{"line":44,"column":48}},"line":44}},"branchMap":{},"s":{"0":0,"1":0,"2":0,"3":0,"4":0,"5":0},"f":{"0":0,"1":0,"2":0},"b":{},"hash":"5dac2e8455b87ac21e9e70448a6ff474d80d5364"}
,"C:\\other\\my_java\\WebStudy\\web-study\\src\\router\\krouter.js": {"path":"C:\\other\\my_java\\WebStudy\\web-study\\src\\router\\krouter.js","statementMap":{"0":{"start":{"line":7,"column":0},"end":{"line":7,"column":18}}},"fnMap":{},"branchMap":{},"s":{"0":0},"f":{},"b":{},"hash":"ee119057b3abd75e8afa306ce02dd9baffbe92a4"}
,"C:\\other\\my_java\\WebStudy\\web-study\\src\\router\\kvue-router.js": {"path":"C:\\other\\my_java\\WebStudy\\web-study\\src\\router\\kvue-router.js","statementMap":{"0":{"start":{"line":12,"column":4},"end":{"line":12,"column":27}},"1":{"start":{"line":13,"column":4},"end":{"line":13,"column":23}},"2":{"start":{"line":14,"column":4},"end":{"line":20,"column":6}},"3":{"start":{"line":16,"column":8},"end":{"line":18,"column":9}},"4":{"start":{"line":24,"column":4},"end":{"line":24,"column":21}},"5":{"start":{"line":25,"column":4},"end":{"line":25,"column":39}},"6":{"start":{"line":26,"column":4},"end":{"line":26,"column":24}},"7":{"start":{"line":30,"column":4},"end":{"line":30,"column":71}},"8":{"start":{"line":31,"column":4},"end":{"line":31,"column":65}},"9":{"start":{"line":35,"column":4},"end":{"line":35,"column":59}},"10":{"start":{"line":39,"column":4},"end":{"line":41,"column":6}},"11":{"start":{"line":40,"column":6},"end":{"line":40,"column":38}},"12":{"start":{"line":45,"column":4},"end":{"line":52,"column":6}},"13":{"start":{"line":50,"column":8},"end":{"line":50,"column":78}},"14":{"start":{"line":53,"column":4},"end":{"line":58,"column":6}},"15":{"start":{"line":55,"column":21},"end":{"line":55,"column":63}},"16":{"start":{"line":56,"column":8},"end":{"line":56,"column":22}},"17":{"start":{"line":62,"column":0},"end":{"line":72,"column":1}},"18":{"start":{"line":63,"column":2},"end":{"line":63,"column":12}},"19":{"start":{"line":64,"column":2},"end":{"line":71,"column":4}},"20":{"start":{"line":66,"column":6},"end":{"line":69,"column":7}},"21":{"start":{"line":67,"column":8},"end":{"line":67,"column":52}},"22":{"start":{"line":68,"column":8},"end":{"line":68,"column":35}}},"fnMap":{"0":{"name":"(anonymous_0)","decl":{"start":{"line":11,"column":2},"end":{"line":11,"column":3}},"loc":{"start":{"line":11,"column":24},"end":{"line":21,"column":3}},"line":11},"1":{"name":"(anonymous_1)","decl":{"start":{"line":15,"column":6},"end":{"line":15,"column":7}},"loc":{"start":{"line":15,"column":14},"end":{"line":19,"column":7}},"line":15},"2":{"name":"(anonymous_2)","decl":{"start":{"line":23,"column":2},"end":{"line":23,"column":3}},"loc":{"start":{"line":23,"column":10},"end":{"line":27,"column":3}},"line":23},"3":{"name":"(anonymous_3)","decl":{"start":{"line":29,"column":2},"end":{"line":29,"column":3}},"loc":{"start":{"line":29,"column":16},"end":{"line":32,"column":3}},"line":29},"4":{"name":"(anonymous_4)","decl":{"start":{"line":34,"column":2},"end":{"line":34,"column":3}},"loc":{"start":{"line":34,"column":18},"end":{"line":36,"column":3}},"line":34},"5":{"name":"(anonymous_5)","decl":{"start":{"line":38,"column":2},"end":{"line":38,"column":3}},"loc":{"start":{"line":38,"column":28},"end":{"line":42,"column":3}},"line":38},"6":{"name":"(anonymous_6)","decl":{"start":{"line":39,"column":27},"end":{"line":39,"column":28}},"loc":{"start":{"line":39,"column":35},"end":{"line":41,"column":5}},"line":39},"7":{"name":"(anonymous_7)","decl":{"start":{"line":44,"column":2},"end":{"line":44,"column":3}},"loc":{"start":{"line":44,"column":19},"end":{"line":59,"column":3}},"line":44},"8":{"name":"(anonymous_8)","decl":{"start":{"line":49,"column":6},"end":{"line":49,"column":7}},"loc":{"start":{"line":49,"column":17},"end":{"line":51,"column":7}},"line":49},"9":{"name":"(anonymous_9)","decl":{"start":{"line":54,"column":14},"end":{"line":54,"column":15}},"loc":{"start":{"line":54,"column":19},"end":{"line":57,"column":7}},"line":54},"10":{"name":"(anonymous_10)","decl":{"start":{"line":62,"column":20},"end":{"line":62,"column":21}},"loc":{"start":{"line":62,"column":36},"end":{"line":72,"column":1}},"line":62},"11":{"name":"(anonymous_11)","decl":{"start":{"line":65,"column":4},"end":{"line":65,"column":5}},"loc":{"start":{"line":65,"column":20},"end":{"line":70,"column":5}},"line":65}},"branchMap":{"0":{"loc":{"start":{"line":35,"column":23},"end":{"line":35,"column":59}},"type":"binary-expr","locations":[{"start":{"line":35,"column":23},"end":{"line":35,"column":52}},{"start":{"line":35,"column":56},"end":{"line":35,"column":59}}],"line":35},"1":{"loc":{"start":{"line":66,"column":6},"end":{"line":69,"column":7}},"type":"if","locations":[{"start":{"line":66,"column":6},"end":{"line":69,"column":7}},{"start":{"line":66,"column":6},"end":{"line":69,"column":7}}],"line":66}},"s":{"0":0,"1":0,"2":0,"3":0,"4":0,"5":0,"6":0,"7":0,"8":0,"9":0,"10":0,"11":0,"12":0,"13":0,"14":0,"15":0,"16":0,"17":0,"18":0,"19":0,"20":0,"21":0,"22":0},"f":{"0":0,"1":0,"2":0,"3":0,"4":0,"5":0,"6":0,"7":0,"8":0,"9":0,"10":0,"11":0},"b":{"0":[0,0],"1":[0,0]},"hash":"f2799d8fb3caf546613ab1b25c6cdb6033dff43d"}
,"C:\\other\\my_java\\WebStudy\\web-study\\src\\store\\index.js": {"path":"C:\\other\\my_java\\WebStudy\\web-study\\src\\store\\index.js","statementMap":{"0":{"start":{"line":7,"column":0},"end":{"line":7,"column":13}},"1":{"start":{"line":13,"column":14},"end":{"line":25,"column":2}},"2":{"start":{"line":21,"column":20},"end":{"line":21,"column":36}},"3":{"start":{"line":22,"column":20},"end":{"line":22,"column":36}},"4":{"start":{"line":23,"column":32},"end":{"line":23,"column":55}}},"fnMap":{"0":{"name":"(anonymous_0)","decl":{"start":{"line":21,"column":11},"end":{"line":21,"column":12}},"loc":{"start":{"line":21,"column":20},"end":{"line":21,"column":36}},"line":21},"1":{"name":"(anonymous_1)","decl":{"start":{"line":22,"column":11},"end":{"line":22,"column":12}},"loc":{"start":{"line":22,"column":20},"end":{"line":22,"column":36}},"line":22},"2":{"name":"(anonymous_2)","decl":{"start":{"line":23,"column":23},"end":{"line":23,"column":24}},"loc":{"start":{"line":23,"column":32},"end":{"line":23,"column":55}},"line":23}},"branchMap":{},"s":{"0":0,"1":0,"2":0,"3":0,"4":0},"f":{"0":0,"1":0,"2":0},"b":{},"hash":"7354a198d77edd1bd49ed41fbc2f232734663705"}
,"C:\\other\\my_java\\WebStudy\\web-study\\src\\store\\kindex.js": {"path":"C:\\other\\my_java\\WebStudy\\web-study\\src\\store\\kindex.js","statementMap":{"0":{"start":{"line":4,"column":0},"end":{"line":4,"column":13}},"1":{"start":{"line":12,"column":6},"end":{"line":12,"column":24}},"2":{"start":{"line":17,"column":6},"end":{"line":22,"column":8}},"3":{"start":{"line":18,"column":8},"end":{"line":21,"column":16}},"4":{"start":{"line":19,"column":10},"end":{"line":19,"column":28}},"5":{"start":{"line":20,"column":10},"end":{"line":20,"column":31}},"6":{"start":{"line":27,"column":6},"end":{"line":27,"column":36}}},"fnMap":{"0":{"name":"(anonymous_0)","decl":{"start":{"line":11,"column":4},"end":{"line":11,"column":5}},"loc":{"start":{"line":11,"column":25},"end":{"line":13,"column":5}},"line":11},"1":{"name":"(anonymous_1)","decl":{"start":{"line":16,"column":4},"end":{"line":16,"column":5}},"loc":{"start":{"line":16,"column":31},"end":{"line":23,"column":5}},"line":16},"2":{"name":"(anonymous_2)","decl":{"start":{"line":17,"column":25},"end":{"line":17,"column":26}},"loc":{"start":{"line":17,"column":36},"end":{"line":22,"column":7}},"line":17},"3":{"name":"(anonymous_3)","decl":{"start":{"line":18,"column":19},"end":{"line":18,"column":20}},"loc":{"start":{"line":18,"column":25},"end":{"line":21,"column":9}},"line":18},"4":{"name":"(anonymous_4)","decl":{"start":{"line":26,"column":4},"end":{"line":26,"column":5}},"loc":{"start":{"line":26,"column":18},"end":{"line":28,"column":5}},"line":26}},"branchMap":{"0":{"loc":{"start":{"line":11,"column":16},"end":{"line":11,"column":23}},"type":"default-arg","locations":[{"start":{"line":11,"column":22},"end":{"line":11,"column":23}}],"line":11}},"s":{"0":0,"1":0,"2":0,"3":0,"4":0,"5":0,"6":0},"f":{"0":0,"1":0,"2":0,"3":0,"4":0},"b":{"0":[0]},"hash":"f6cc9814375cc25286c1e2e96c5d70fb6a8f9b2b"}
,"C:\\other\\my_java\\WebStudy\\web-study\\src\\store\\modules\\count.js": {"path":"C:\\other\\my_java\\WebStudy\\web-study\\src\\store\\modules\\count.js","statementMap":{"0":{"start":{"line":1,"column":14},"end":{"line":5,"column":1}},"1":{"start":{"line":6,"column":16},"end":{"line":16,"column":1}},"2":{"start":{"line":8,"column":4},"end":{"line":8,"column":29}},"3":{"start":{"line":11,"column":4},"end":{"line":11,"column":48}},"4":{"start":{"line":14,"column":4},"end":{"line":14,"column":34}},"5":{"start":{"line":17,"column":18},"end":{"line":25,"column":1}},"6":{"start":{"line":19,"column":4},"end":{"line":19,"column":29}},"7":{"start":{"line":20,"column":4},"end":{"line":20,"column":27}},"8":{"start":{"line":23,"column":4},"end":{"line":23,"column":22}},"9":{"start":{"line":27,"column":16},"end":{"line":44,"column":1}},"10":{"start":{"line":29,"column":4},"end":{"line":34,"column":6}},"11":{"start":{"line":30,"column":6},"end":{"line":33,"column":14}},"12":{"start":{"line":31,"column":8},"end":{"line":31,"column":39}},"13":{"start":{"line":32,"column":8},"end":{"line":32,"column":17}},"14":{"start":{"line":37,"column":4},"end":{"line":42,"column":6}},"15":{"start":{"line":38,"column":6},"end":{"line":41,"column":14}},"16":{"start":{"line":39,"column":8},"end":{"line":39,"column":26}},"17":{"start":{"line":40,"column":8},"end":{"line":40,"column":29}}},"fnMap":{"0":{"name":"(anonymous_0)","decl":{"start":{"line":7,"column":2},"end":{"line":7,"column":3}},"loc":{"start":{"line":7,"column":19},"end":{"line":9,"column":3}},"line":7},"1":{"name":"(anonymous_1)","decl":{"start":{"line":10,"column":2},"end":{"line":10,"column":3}},"loc":{"start":{"line":10,"column":28},"end":{"line":12,"column":3}},"line":10},"2":{"name":"(anonymous_2)","decl":{"start":{"line":13,"column":2},"end":{"line":13,"column":3}},"loc":{"start":{"line":13,"column":16},"end":{"line":15,"column":3}},"line":13},"3":{"name":"(anonymous_3)","decl":{"start":{"line":18,"column":2},"end":{"line":18,"column":3}},"loc":{"start":{"line":18,"column":24},"end":{"line":21,"column":3}},"line":18},"4":{"name":"(anonymous_4)","decl":{"start":{"line":22,"column":2},"end":{"line":22,"column":3}},"loc":{"start":{"line":22,"column":23},"end":{"line":24,"column":3}},"line":22},"5":{"name":"(anonymous_5)","decl":{"start":{"line":28,"column":2},"end":{"line":28,"column":3}},"loc":{"start":{"line":28,"column":27},"end":{"line":35,"column":3}},"line":28},"6":{"name":"(anonymous_6)","decl":{"start":{"line":29,"column":23},"end":{"line":29,"column":24}},"loc":{"start":{"line":29,"column":44},"end":{"line":34,"column":5}},"line":29},"7":{"name":"(anonymous_7)","decl":{"start":{"line":30,"column":17},"end":{"line":30,"column":18}},"loc":{"start":{"line":30,"column":23},"end":{"line":33,"column":7}},"line":30},"8":{"name":"(anonymous_8)","decl":{"start":{"line":36,"column":2},"end":{"line":36,"column":3}},"loc":{"start":{"line":36,"column":29},"end":{"line":43,"column":3}},"line":36},"9":{"name":"(anonymous_9)","decl":{"start":{"line":37,"column":23},"end":{"line":37,"column":24}},"loc":{"start":{"line":37,"column":34},"end":{"line":42,"column":5}},"line":37},"10":{"name":"(anonymous_10)","decl":{"start":{"line":38,"column":17},"end":{"line":38,"column":18}},"loc":{"start":{"line":38,"column":23},"end":{"line":41,"column":7}},"line":38}},"branchMap":{"0":{"loc":{"start":{"line":22,"column":14},"end":{"line":22,"column":21}},"type":"default-arg","locations":[{"start":{"line":22,"column":20},"end":{"line":22,"column":21}}],"line":22}},"s":{"0":0,"1":0,"2":0,"3":0,"4":0,"5":0,"6":0,"7":0,"8":0,"9":0,"10":0,"11":0,"12":0,"13":0,"14":0,"15":0,"16":0,"17":0},"f":{"0":0,"1":0,"2":0,"3":0,"4":0,"5":0,"6":0,"7":0,"8":0,"9":0,"10":0},"b":{"0":[0]},"hash":"659ddfed73b65b319c58faa39d49cc3f86a4b9f3"}
,"C:\\other\\my_java\\WebStudy\\web-study\\src\\store\\modules\\permission.js": {"path":"C:\\other\\my_java\\WebStudy\\web-study\\src\\store\\modules\\permission.js","statementMap":{"0":{"start":{"line":10,"column":2},"end":{"line":16,"column":3}},"1":{"start":{"line":12,"column":4},"end":{"line":12,"column":62}},"2":{"start":{"line":12,"column":30},"end":{"line":12,"column":61}},"3":{"start":{"line":15,"column":4},"end":{"line":15,"column":15}},"4":{"start":{"line":25,"column":14},"end":{"line":25,"column":16}},"5":{"start":{"line":26,"column":2},"end":{"line":37,"column":4}},"6":{"start":{"line":28,"column":17},"end":{"line":28,"column":29}},"7":{"start":{"line":30,"column":4},"end":{"line":36,"column":5}},"8":{"start":{"line":32,"column":6},"end":{"line":34,"column":7}},"9":{"start":{"line":33,"column":8},"end":{"line":33,"column":63}},"10":{"start":{"line":35,"column":6},"end":{"line":35,"column":20}},"11":{"start":{"line":38,"column":2},"end":{"line":38,"column":12}},"12":{"start":{"line":41,"column":14},"end":{"line":44,"column":1}},"13":{"start":{"line":46,"column":18},"end":{"line":51,"column":1}},"14":{"start":{"line":48,"column":4},"end":{"line":48,"column":28}},"15":{"start":{"line":49,"column":4},"end":{"line":49,"column":45}},"16":{"start":{"line":53,"column":16},"end":{"line":69,"column":1}},"17":{"start":{"line":56,"column":4},"end":{"line":67,"column":6}},"18":{"start":{"line":59,"column":6},"end":{"line":64,"column":7}},"19":{"start":{"line":60,"column":8},"end":{"line":60,"column":40}},"20":{"start":{"line":63,"column":8},"end":{"line":63,"column":60}},"21":{"start":{"line":65,"column":6},"end":{"line":65,"column":40}},"22":{"start":{"line":66,"column":6},"end":{"line":66,"column":27}}},"fnMap":{"0":{"name":"hasPermission","decl":{"start":{"line":8,"column":9},"end":{"line":8,"column":22}},"loc":{"start":{"line":8,"column":38},"end":{"line":17,"column":1}},"line":8},"1":{"name":"(anonymous_1)","decl":{"start":{"line":12,"column":22},"end":{"line":12,"column":23}},"loc":{"start":{"line":12,"column":30},"end":{"line":12,"column":61}},"line":12},"2":{"name":"filterAsyncRoutes","decl":{"start":{"line":24,"column":16},"end":{"line":24,"column":33}},"loc":{"start":{"line":24,"column":50},"end":{"line":39,"column":1}},"line":24},"3":{"name":"(anonymous_3)","decl":{"start":{"line":26,"column":17},"end":{"line":26,"column":18}},"loc":{"start":{"line":26,"column":26},"end":{"line":37,"column":3}},"line":26},"4":{"name":"(anonymous_4)","decl":{"start":{"line":47,"column":14},"end":{"line":47,"column":15}},"loc":{"start":{"line":47,"column":33},"end":{"line":50,"column":3}},"line":47},"5":{"name":"(anonymous_5)","decl":{"start":{"line":55,"column":2},"end":{"line":55,"column":3}},"loc":{"start":{"line":55,"column":37},"end":{"line":68,"column":3}},"line":55},"6":{"name":"(anonymous_6)","decl":{"start":{"line":56,"column":23},"end":{"line":56,"column":24}},"loc":{"start":{"line":56,"column":44},"end":{"line":67,"column":5}},"line":56}},"branchMap":{"0":{"loc":{"start":{"line":10,"column":2},"end":{"line":16,"column":3}},"type":"if","locations":[{"start":{"line":10,"column":2},"end":{"line":16,"column":3}},{"start":{"line":10,"column":2},"end":{"line":16,"column":3}}],"line":10},"1":{"loc":{"start":{"line":10,"column":6},"end":{"line":10,"column":36}},"type":"binary-expr","locations":[{"start":{"line":10,"column":6},"end":{"line":10,"column":16}},{"start":{"line":10,"column":20},"end":{"line":10,"column":36}}],"line":10},"2":{"loc":{"start":{"line":30,"column":4},"end":{"line":36,"column":5}},"type":"if","locations":[{"start":{"line":30,"column":4},"end":{"line":36,"column":5}},{"start":{"line":30,"column":4},"end":{"line":36,"column":5}}],"line":30},"3":{"loc":{"start":{"line":32,"column":6},"end":{"line":34,"column":7}},"type":"if","locations":[{"start":{"line":32,"column":6},"end":{"line":34,"column":7}},{"start":{"line":32,"column":6},"end":{"line":34,"column":7}}],"line":32},"4":{"loc":{"start":{"line":59,"column":6},"end":{"line":64,"column":7}},"type":"if","locations":[{"start":{"line":59,"column":6},"end":{"line":64,"column":7}},{"start":{"line":59,"column":6},"end":{"line":64,"column":7}}],"line":59},"5":{"loc":{"start":{"line":60,"column":23},"end":{"line":60,"column":40}},"type":"binary-expr","locations":[{"start":{"line":60,"column":23},"end":{"line":60,"column":34}},{"start":{"line":60,"column":38},"end":{"line":60,"column":40}}],"line":60}},"s":{"0":0,"1":0,"2":0,"3":0,"4":0,"5":0,"6":0,"7":0,"8":0,"9":0,"10":0,"11":0,"12":0,"13":0,"14":0,"15":0,"16":0,"17":0,"18":0,"19":0,"20":0,"21":0,"22":0},"f":{"0":0,"1":0,"2":0,"3":0,"4":0,"5":0,"6":0},"b":{"0":[0,0],"1":[0,0],"2":[0,0],"3":[0,0],"4":[0,0],"5":[0,0]},"hash":"762f2d7b77fcb753d49130e90dc946f39ffe98d4"}
,"C:\\other\\my_java\\WebStudy\\web-study\\src\\store\\modules\\user.js": {"path":"C:\\other\\my_java\\WebStudy\\web-study\\src\\store\\modules\\user.js","statementMap":{"0":{"start":{"line":4,"column":14},"end":{"line":7,"column":1}},"1":{"start":{"line":9,"column":18},"end":{"line":16,"column":1}},"2":{"start":{"line":11,"column":4},"end":{"line":11,"column":23}},"3":{"start":{"line":14,"column":4},"end":{"line":14,"column":23}},"4":{"start":{"line":18,"column":16},"end":{"line":62,"column":1}},"5":{"start":{"line":20,"column":4},"end":{"line":20,"column":24}},"6":{"start":{"line":23,"column":4},"end":{"line":26,"column":6}},"7":{"start":{"line":24,"column":6},"end":{"line":24,"column":35}},"8":{"start":{"line":25,"column":6},"end":{"line":25,"column":24}},"9":{"start":{"line":41,"column":4},"end":{"line":44,"column":6}},"10":{"start":{"line":42,"column":6},"end":{"line":42,"column":32}},"11":{"start":{"line":43,"column":6},"end":{"line":43,"column":22}},"12":{"start":{"line":55,"column":4},"end":{"line":60,"column":6}},"13":{"start":{"line":56,"column":6},"end":{"line":56,"column":29}},"14":{"start":{"line":57,"column":6},"end":{"line":57,"column":29}},"15":{"start":{"line":58,"column":6},"end":{"line":58,"column":19}},"16":{"start":{"line":59,"column":6},"end":{"line":59,"column":15}}},"fnMap":{"0":{"name":"(anonymous_0)","decl":{"start":{"line":10,"column":13},"end":{"line":10,"column":14}},"loc":{"start":{"line":10,"column":31},"end":{"line":12,"column":3}},"line":10},"1":{"name":"(anonymous_1)","decl":{"start":{"line":13,"column":13},"end":{"line":13,"column":14}},"loc":{"start":{"line":13,"column":31},"end":{"line":15,"column":3}},"line":13},"2":{"name":"(anonymous_2)","decl":{"start":{"line":19,"column":2},"end":{"line":19,"column":3}},"loc":{"start":{"line":19,"column":11},"end":{"line":21,"column":3}},"line":19},"3":{"name":"(anonymous_3)","decl":{"start":{"line":22,"column":2},"end":{"line":22,"column":3}},"loc":{"start":{"line":22,"column":31},"end":{"line":39,"column":3}},"line":22},"4":{"name":"(anonymous_4)","decl":{"start":{"line":23,"column":32},"end":{"line":23,"column":33}},"loc":{"start":{"line":23,"column":41},"end":{"line":26,"column":5}},"line":23},"5":{"name":"(anonymous_5)","decl":{"start":{"line":40,"column":2},"end":{"line":40,"column":3}},"loc":{"start":{"line":40,"column":30},"end":{"line":52,"column":3}},"line":40},"6":{"name":"(anonymous_6)","decl":{"start":{"line":41,"column":37},"end":{"line":41,"column":38}},"loc":{"start":{"line":41,"column":58},"end":{"line":44,"column":5}},"line":41},"7":{"name":"(anonymous_7)","decl":{"start":{"line":54,"column":2},"end":{"line":54,"column":3}},"loc":{"start":{"line":54,"column":33},"end":{"line":61,"column":3}},"line":54},"8":{"name":"(anonymous_8)","decl":{"start":{"line":55,"column":23},"end":{"line":55,"column":24}},"loc":{"start":{"line":55,"column":34},"end":{"line":60,"column":5}},"line":55}},"branchMap":{},"s":{"0":0,"1":0,"2":0,"3":0,"4":0,"5":0,"6":0,"7":0,"8":0,"9":0,"10":0,"11":0,"12":0,"13":0,"14":0,"15":0,"16":0},"f":{"0":0,"1":0,"2":0,"3":0,"4":0,"5":0,"6":0,"7":0,"8":0},"b":{},"hash":"c795e8ec8e2d907bcf719a40ed28dcb6e878e6c7"}
,"C:\\other\\my_java\\WebStudy\\web-study\\src\\utils\\auth.js": {"path":"C:\\other\\my_java\\WebStudy\\web-study\\src\\utils\\auth.js","statementMap":{"0":{"start":{"line":4,"column":2},"end":{"line":4,"column":33}},"1":{"start":{"line":8,"column":2},"end":{"line":8,"column":33}},"2":{"start":{"line":12,"column":2},"end":{"line":12,"column":36}}},"fnMap":{"0":{"name":"getToken","decl":{"start":{"line":3,"column":16},"end":{"line":3,"column":24}},"loc":{"start":{"line":3,"column":28},"end":{"line":5,"column":1}},"line":3},"1":{"name":"setToken","decl":{"start":{"line":7,"column":16},"end":{"line":7,"column":24}},"loc":{"start":{"line":7,"column":33},"end":{"line":9,"column":1}},"line":7},"2":{"name":"removeToken","decl":{"start":{"line":11,"column":16},"end":{"line":11,"column":27}},"loc":{"start":{"line":11,"column":31},"end":{"line":13,"column":1}},"line":11}},"branchMap":{},"s":{"0":0,"1":0,"2":0},"f":{"0":0,"1":0,"2":0},"b":{},"hash":"4a725329df39c2d3c3a996c7ee3554d4f9feb345"}
,"C:\\other\\my_java\\WebStudy\\web-study\\src\\utils\\bus.js": {"path":"C:\\other\\my_java\\WebStudy\\web-study\\src\\utils\\bus.js","statementMap":{"0":{"start":{"line":3,"column":4},"end":{"line":3,"column":23}},"1":{"start":{"line":7,"column":4},"end":{"line":7,"column":53}},"2":{"start":{"line":8,"column":4},"end":{"line":8,"column":33}},"3":{"start":{"line":12,"column":4},"end":{"line":16,"column":5}},"4":{"start":{"line":13,"column":6},"end":{"line":15,"column":8}},"5":{"start":{"line":14,"column":8},"end":{"line":14,"column":16}}},"fnMap":{"0":{"name":"(anonymous_0)","decl":{"start":{"line":2,"column":2},"end":{"line":2,"column":3}},"loc":{"start":{"line":2,"column":17},"end":{"line":4,"column":3}},"line":2},"1":{"name":"(anonymous_1)","decl":{"start":{"line":6,"column":2},"end":{"line":6,"column":3}},"loc":{"start":{"line":6,"column":17},"end":{"line":9,"column":3}},"line":6},"2":{"name":"(anonymous_2)","decl":{"start":{"line":11,"column":2},"end":{"line":11,"column":3}},"loc":{"start":{"line":11,"column":21},"end":{"line":17,"column":3}},"line":11},"3":{"name":"(anonymous_3)","decl":{"start":{"line":13,"column":35},"end":{"line":13,"column":36}},"loc":{"start":{"line":13,"column":41},"end":{"line":15,"column":7}},"line":13}},"branchMap":{"0":{"loc":{"start":{"line":7,"column":27},"end":{"line":7,"column":53}},"type":"binary-expr","locations":[{"start":{"line":7,"column":27},"end":{"line":7,"column":47}},{"start":{"line":7,"column":51},"end":{"line":7,"column":53}}],"line":7},"1":{"loc":{"start":{"line":12,"column":4},"end":{"line":16,"column":5}},"type":"if","locations":[{"start":{"line":12,"column":4},"end":{"line":16,"column":5}},{"start":{"line":12,"column":4},"end":{"line":16,"column":5}}],"line":12}},"s":{"0":0,"1":0,"2":0,"3":0,"4":0,"5":0},"f":{"0":0,"1":0,"2":0,"3":0},"b":{"0":[0,0],"1":[0,0]},"hash":"90d5e0658f4eedda6aa574cc96164630469fe55f"}
,"C:\\other\\my_java\\WebStudy\\web-study\\src\\utils\\create.js": {"path":"C:\\other\\my_java\\WebStudy\\web-study\\src\\utils\\create.js","statementMap":{"0":{"start":{"line":5,"column":13},"end":{"line":9,"column":13}},"1":{"start":{"line":7,"column":6},"end":{"line":7,"column":36}},"2":{"start":{"line":11,"column":2},"end":{"line":11,"column":35}},"3":{"start":{"line":12,"column":15},"end":{"line":12,"column":30}},"4":{"start":{"line":13,"column":2},"end":{"line":16,"column":3}},"5":{"start":{"line":14,"column":4},"end":{"line":14,"column":37}},"6":{"start":{"line":15,"column":4},"end":{"line":15,"column":17}},"7":{"start":{"line":18,"column":2},"end":{"line":18,"column":13}}},"fnMap":{"0":{"name":"create","decl":{"start":{"line":4,"column":24},"end":{"line":4,"column":30}},"loc":{"start":{"line":4,"column":50},"end":{"line":19,"column":1}},"line":4},"1":{"name":"(anonymous_1)","decl":{"start":{"line":6,"column":4},"end":{"line":6,"column":5}},"loc":{"start":{"line":6,"column":15},"end":{"line":8,"column":5}},"line":6},"2":{"name":"(anonymous_2)","decl":{"start":{"line":13,"column":16},"end":{"line":13,"column":17}},"loc":{"start":{"line":13,"column":22},"end":{"line":16,"column":3}},"line":13}},"branchMap":{},"s":{"0":0,"1":0,"2":0,"3":0,"4":0,"5":0,"6":0,"7":0},"f":{"0":0,"1":0,"2":0},"b":{},"hash":"44339c49a6be674674f7cfc416b5b8d07d00e62e"}
,"C:\\other\\my_java\\WebStudy\\web-study\\src\\utils\\request.js": {"path":"C:\\other\\my_java\\WebStudy\\web-study\\src\\utils\\request.js","statementMap":{"0":{"start":{"line":6,"column":16},"end":{"line":10,"column":2}},"1":{"start":{"line":13,"column":0},"end":{"line":24,"column":1}},"2":{"start":{"line":15,"column":4},"end":{"line":15,"column":29}},"3":{"start":{"line":16,"column":4},"end":{"line":18,"column":5}},"4":{"start":{"line":17,"column":6},"end":{"line":17,"column":59}},"5":{"start":{"line":19,"column":4},"end":{"line":19,"column":17}},"6":{"start":{"line":22,"column":4},"end":{"line":22,"column":32}},"7":{"start":{"line":27,"column":0},"end":{"line":66,"column":1}},"8":{"start":{"line":29,"column":16},"end":{"line":29,"column":29}},"9":{"start":{"line":30,"column":4},"end":{"line":56,"column":5}},"10":{"start":{"line":31,"column":6},"end":{"line":35,"column":8}},"11":{"start":{"line":37,"column":6},"end":{"line":52,"column":7}},"12":{"start":{"line":39,"column":8},"end":{"line":51,"column":10}},"13":{"start":{"line":48,"column":10},"end":{"line":50,"column":12}},"14":{"start":{"line":49,"column":12},"end":{"line":49,"column":29}},"15":{"start":{"line":53,"column":6},"end":{"line":53,"column":62}},"16":{"start":{"line":55,"column":6},"end":{"line":55,"column":16}},"17":{"start":{"line":59,"column":4},"end":{"line":63,"column":6}},"18":{"start":{"line":64,"column":4},"end":{"line":64,"column":32}}},"fnMap":{"0":{"name":"(anonymous_0)","decl":{"start":{"line":14,"column":2},"end":{"line":14,"column":3}},"loc":{"start":{"line":14,"column":12},"end":{"line":20,"column":3}},"line":14},"1":{"name":"(anonymous_1)","decl":{"start":{"line":21,"column":2},"end":{"line":21,"column":3}},"loc":{"start":{"line":21,"column":11},"end":{"line":23,"column":3}},"line":21},"2":{"name":"(anonymous_2)","decl":{"start":{"line":28,"column":2},"end":{"line":28,"column":3}},"loc":{"start":{"line":28,"column":14},"end":{"line":57,"column":3}},"line":28},"3":{"name":"(anonymous_3)","decl":{"start":{"line":47,"column":15},"end":{"line":47,"column":16}},"loc":{"start":{"line":47,"column":21},"end":{"line":51,"column":9}},"line":47},"4":{"name":"(anonymous_4)","decl":{"start":{"line":48,"column":49},"end":{"line":48,"column":50}},"loc":{"start":{"line":48,"column":55},"end":{"line":50,"column":11}},"line":48},"5":{"name":"(anonymous_5)","decl":{"start":{"line":58,"column":2},"end":{"line":58,"column":3}},"loc":{"start":{"line":58,"column":11},"end":{"line":65,"column":3}},"line":58}},"branchMap":{"0":{"loc":{"start":{"line":16,"column":4},"end":{"line":18,"column":5}},"type":"if","locations":[{"start":{"line":16,"column":4},"end":{"line":18,"column":5}},{"start":{"line":16,"column":4},"end":{"line":18,"column":5}}],"line":16},"1":{"loc":{"start":{"line":30,"column":4},"end":{"line":56,"column":5}},"type":"if","locations":[{"start":{"line":30,"column":4},"end":{"line":56,"column":5}},{"start":{"line":30,"column":4},"end":{"line":56,"column":5}}],"line":30},"2":{"loc":{"start":{"line":32,"column":17},"end":{"line":32,"column":39}},"type":"binary-expr","locations":[{"start":{"line":32,"column":17},"end":{"line":32,"column":28}},{"start":{"line":32,"column":32},"end":{"line":32,"column":39}}],"line":32},"3":{"loc":{"start":{"line":37,"column":6},"end":{"line":52,"column":7}},"type":"if","locations":[{"start":{"line":37,"column":6},"end":{"line":52,"column":7}},{"start":{"line":37,"column":6},"end":{"line":52,"column":7}}],"line":37},"4":{"loc":{"start":{"line":37,"column":10},"end":{"line":37,"column":72}},"type":"binary-expr","locations":[{"start":{"line":37,"column":10},"end":{"line":37,"column":28}},{"start":{"line":37,"column":32},"end":{"line":37,"column":50}},{"start":{"line":37,"column":54},"end":{"line":37,"column":72}}],"line":37},"5":{"loc":{"start":{"line":53,"column":38},"end":{"line":53,"column":60}},"type":"binary-expr","locations":[{"start":{"line":53,"column":38},"end":{"line":53,"column":49}},{"start":{"line":53,"column":53},"end":{"line":53,"column":60}}],"line":53}},"s":{"0":0,"1":0,"2":0,"3":0,"4":0,"5":0,"6":0,"7":0,"8":0,"9":0,"10":0,"11":0,"12":0,"13":0,"14":0,"15":0,"16":0,"17":0,"18":0},"f":{"0":0,"1":0,"2":0,"3":0,"4":0,"5":0},"b":{"0":[0,0],"1":[0,0],"2":[0,0],"3":[0,0],"4":[0,0,0],"5":[0,0]},"hash":"b55bd09c7a0698c7a04da6a07baeeeb6b6cd2a1d"}
}
